\BOOKMARK [0][-]{section*.2}{Contents}{}% 1
\BOOKMARK [0][-]{chapter*.3}{Introduzione}{}% 2
\BOOKMARK [0][-]{chapter.1}{Realt\340 virtuale e smart working}{}% 3
\BOOKMARK [1][-]{section.1.1}{Cos'\350 la realt\340 virtuale?}{chapter.1}% 4
\BOOKMARK [2][-]{subsection.1.1.1}{Definizione della realt\340 virtuale}{section.1.1}% 5
\BOOKMARK [2][-]{subsection.1.1.2}{Lo stato dell'arte}{section.1.1}% 6
\BOOKMARK [1][-]{section.1.2}{Cos'\350 lo smart working?}{chapter.1}% 7
\BOOKMARK [0][-]{chapter.2}{Ambienti formativi e di lavoro virtualizzati}{}% 8
\BOOKMARK [1][-]{section.2.1}{I vantaggi del processo di virtualizzazione}{chapter.2}% 9
\BOOKMARK [1][-]{section.2.2}{Limiti tecnici}{chapter.2}% 10
\BOOKMARK [1][-]{section.2.3}{Una sala riunioni in realt\340 virtuale}{chapter.2}% 11
\BOOKMARK [0][-]{chapter.3}{Requisiti del progetto}{}% 12
\BOOKMARK [1][-]{section.3.1}{Principali funzionalit\340 e casi d'uso}{chapter.3}% 13
\BOOKMARK [1][-]{section.3.2}{Gestione sicura dei dati}{chapter.3}% 14
\BOOKMARK [1][-]{section.3.3}{Esperienza d'uso}{chapter.3}% 15
\BOOKMARK [0][-]{chapter.4}{Tecnologie adottate}{}% 16
\BOOKMARK [1][-]{section.4.1}{Unity3D}{chapter.4}% 17
\BOOKMARK [1][-]{section.4.2}{Samsung GearVR}{chapter.4}% 18
\BOOKMARK [1][-]{section.4.3}{Samsung Vox}{chapter.4}% 19
\BOOKMARK [0][-]{chapter.5}{Analisi del progettoi}{}% 20
\BOOKMARK [1][-]{section.5.1}{Ambientazione grafica}{chapter.5}% 21
\BOOKMARK [1][-]{section.5.2}{Interfaccia grafica}{chapter.5}% 22
\BOOKMARK [1][-]{section.5.3}{Architettura software}{chapter.5}% 23
\BOOKMARK [0][-]{chapter*.4}{Conclusioni e sviluppi futuri}{}% 24
\BOOKMARK [0][-]{section*.6}{Bibliography}{}% 25
